SF:lib/main.dart
DA:6,0
DA:7,0
DA:11,2
DA:14,1
DA:16,1
DA:18,1
DA:27,1
DA:29,1
DA:30,1
DA:78,1
DA:80,1
DA:81,1
DA:84,1
DA:92,1
DA:93,1
DA:105,1
DA:108,1
DA:109,1
DA:111,2
DA:114,2
DA:117,2
DA:123,0
DA:124,0
DA:125,0
DA:126,0
DA:130,0
DA:131,0
DA:133,0
DA:139,0
DA:140,0
DA:141,0
DA:142,0
DA:143,0
DA:149,0
DA:150,0
DA:153,0
DA:154,0
DA:155,0
DA:158,0
DA:159,0
DA:160,0
DA:172,1
DA:174,1
DA:178,1
DA:181,1
DA:185,1
DA:188,1
DA:189,1
DA:192,1
DA:196,1
DA:202,1
DA:212,1
DA:213,1
DA:217,1
DA:219,2
DA:229,1
DA:230,1
DA:231,1
DA:232,1
DA:233,1
DA:234,1
DA:237,2
DA:238,1
DA:240,2
DA:251,1
DA:252,1
DA:253,1
DA:256,1
DA:257,1
DA:261,1
DA:263,1
DA:265,1
DA:276,1
DA:277,1
DA:279,1
DA:282,1
DA:284,1
DA:287,1
DA:288,0
DA:290,0
DA:291,0
DA:297,1
DA:300,1
DA:301,0
DA:302,0
DA:305,0
DA:306,0
DA:307,0
DA:308,0
DA:309,0
DA:310,0
DA:311,0
DA:317,1
DA:321,1
DA:322,1
DA:323,0
DA:324,0
DA:325,0
DA:326,0
DA:341,0
DA:346,0
DA:347,0
DA:351,0
DA:353,0
DA:354,0
DA:355,0
DA:356,0
DA:361,0
DA:363,0
DA:364,0
DA:371,0
DA:373,0
DA:374,0
DA:376,0
DA:382,0
DA:395,0
DA:396,0
DA:397,0
DA:398,0
DA:400,0
DA:402,0
DA:403,0
DA:404,0
DA:405,0
DA:406,0
DA:409,0
DA:410,0
DA:411,0
DA:415,0
DA:416,0
DA:417,0
DA:418,0
DA:419,0
DA:420,0
DA:422,0
DA:424,0
DA:426,0
DA:431,0
DA:432,0
DA:433,0
DA:446,0
DA:447,0
DA:448,0
DA:449,0
DA:451,0
DA:461,1
DA:497,0
DA:498,0
DA:499,0
DA:500,0
DA:501,0
DA:502,0
DA:503,0
DA:504,0
DA:505,0
DA:508,0
DA:509,0
DA:510,0
DA:511,0
DA:512,0
DA:513,0
DA:514,0
DA:515,0
DA:516,0
LF:164
LH:62
end_of_record
